Determining if the pthread_create exist failed with the following output:
Change Dir: /home/ponste-5/Documents/GIT/ponste-5/S0008E/Laboration_1/lab-env-master/cmake-build-debug/CMakeFiles/CMakeTmp

Run Build Command:"/usr/bin/make" "cmTC_6cb81/fast"
/usr/bin/make -f CMakeFiles/cmTC_6cb81.dir/build.make CMakeFiles/cmTC_6cb81.dir/build
make[1]: Entering directory `/home/ponste-5/Documents/GIT/ponste-5/S0008E/Laboration_1/lab-env-master/cmake-build-debug/CMakeFiles/CMakeTmp'
Building C object CMakeFiles/cmTC_6cb81.dir/CheckSymbolExists.c.o
/usr/bin/cc    -o CMakeFiles/cmTC_6cb81.dir/CheckSymbolExists.c.o   -c /home/ponste-5/Documents/GIT/ponste-5/S0008E/Laboration_1/lab-env-master/cmake-build-debug/CMakeFiles/CMakeTmp/CheckSymbolExists.c
Linking C executable cmTC_6cb81
/home/ponste-5/Documents/clion-2017.2.1/bin/cmake/bin/cmake -E cmake_link_script CMakeFiles/cmTC_6cb81.dir/link.txt --verbose=1
/usr/bin/cc      -rdynamic CMakeFiles/cmTC_6cb81.dir/CheckSymbolExists.c.o  -o cmTC_6cb81 
CMakeFiles/cmTC_6cb81.dir/CheckSymbolExists.c.o: In function `main':
CheckSymbolExists.c:(.text+0x16): undefined reference to `pthread_create'
collect2: error: ld returned 1 exit status
make[1]: *** [cmTC_6cb81] Error 1
make[1]: Leaving directory `/home/ponste-5/Documents/GIT/ponste-5/S0008E/Laboration_1/lab-env-master/cmake-build-debug/CMakeFiles/CMakeTmp'
make: *** [cmTC_6cb81/fast] Error 2

File /home/ponste-5/Documents/GIT/ponste-5/S0008E/Laboration_1/lab-env-master/cmake-build-debug/CMakeFiles/CMakeTmp/CheckSymbolExists.c:
/* */
#include <pthread.h>

int main(int argc, char** argv)
{
  (void)argv;
#ifndef pthread_create
  return ((int*)(&pthread_create))[argc];
#else
  (void)argc;
  return 0;
#endif
}

Determining if the function pthread_create exists in the pthreads failed with the following output:
Change Dir: /home/ponste-5/Documents/GIT/ponste-5/S0008E/Laboration_1/lab-env-master/cmake-build-debug/CMakeFiles/CMakeTmp

Run Build Command:"/usr/bin/make" "cmTC_fd964/fast"
/usr/bin/make -f CMakeFiles/cmTC_fd964.dir/build.make CMakeFiles/cmTC_fd964.dir/build
make[1]: Entering directory `/home/ponste-5/Documents/GIT/ponste-5/S0008E/Laboration_1/lab-env-master/cmake-build-debug/CMakeFiles/CMakeTmp'
Building C object CMakeFiles/cmTC_fd964.dir/CheckFunctionExists.c.o
/usr/bin/cc   -DCHECK_FUNCTION_EXISTS=pthread_create   -o CMakeFiles/cmTC_fd964.dir/CheckFunctionExists.c.o   -c /home/ponste-5/Documents/clion-2017.2.1/bin/cmake/share/cmake-3.8/Modules/CheckFunctionExists.c
Linking C executable cmTC_fd964
/home/ponste-5/Documents/clion-2017.2.1/bin/cmake/bin/cmake -E cmake_link_script CMakeFiles/cmTC_fd964.dir/link.txt --verbose=1
/usr/bin/cc  -DCHECK_FUNCTION_EXISTS=pthread_create    -rdynamic CMakeFiles/cmTC_fd964.dir/CheckFunctionExists.c.o  -o cmTC_fd964 -lpthreads 
/usr/bin/ld: cannot find -lpthreads
collect2: error: ld returned 1 exit status
make[1]: *** [cmTC_fd964] Error 1
make[1]: Leaving directory `/home/ponste-5/Documents/GIT/ponste-5/S0008E/Laboration_1/lab-env-master/cmake-build-debug/CMakeFiles/CMakeTmp'
make: *** [cmTC_fd964/fast] Error 2


Determining if the function glXGetProcAddressEXT exists failed with the following output:
Change Dir: /home/ponste-5/Documents/GIT/ponste-5/S0008E/Laboration_1/lab-env-master/cmake-build-debug/CMakeFiles/CMakeTmp

Run Build Command:"/usr/bin/make" "cmTC_a4917/fast"
/usr/bin/make -f CMakeFiles/cmTC_a4917.dir/build.make CMakeFiles/cmTC_a4917.dir/build
make[1]: Entering directory `/home/ponste-5/Documents/GIT/ponste-5/S0008E/Laboration_1/lab-env-master/cmake-build-debug/CMakeFiles/CMakeTmp'
Building C object CMakeFiles/cmTC_a4917.dir/CheckFunctionExists.c.o
/usr/bin/cc   -DCHECK_FUNCTION_EXISTS=glXGetProcAddressEXT   -o CMakeFiles/cmTC_a4917.dir/CheckFunctionExists.c.o   -c /home/ponste-5/Documents/clion-2017.2.1/bin/cmake/share/cmake-3.8/Modules/CheckFunctionExists.c
Linking C executable cmTC_a4917
/home/ponste-5/Documents/clion-2017.2.1/bin/cmake/bin/cmake -E cmake_link_script CMakeFiles/cmTC_a4917.dir/link.txt --verbose=1
/usr/bin/cc  -DCHECK_FUNCTION_EXISTS=glXGetProcAddressEXT    -rdynamic CMakeFiles/cmTC_a4917.dir/CheckFunctionExists.c.o  -o cmTC_a4917 /usr/lib/x86_64-linux-gnu/libGL.so 
CMakeFiles/cmTC_a4917.dir/CheckFunctionExists.c.o: In function `main':
CheckFunctionExists.c:(.text+0x10): undefined reference to `glXGetProcAddressEXT'
collect2: error: ld returned 1 exit status
make[1]: *** [cmTC_a4917] Error 1
make[1]: Leaving directory `/home/ponste-5/Documents/GIT/ponste-5/S0008E/Laboration_1/lab-env-master/cmake-build-debug/CMakeFiles/CMakeTmp'
make: *** [cmTC_a4917/fast] Error 2


