Determining if the pthread_create exist failed with the following output:
Change Dir: /home/ponste-5/Documents/GIT/ponste-5/S0007E/cmake-build-debug/CMakeFiles/CMakeTmp

Run Build Command:"/usr/bin/make" "cmTC_e39ce/fast"
/usr/bin/make -f CMakeFiles/cmTC_e39ce.dir/build.make CMakeFiles/cmTC_e39ce.dir/build
make[1]: Entering directory `/home/ponste-5/Documents/GIT/ponste-5/S0007E/cmake-build-debug/CMakeFiles/CMakeTmp'
Building C object CMakeFiles/cmTC_e39ce.dir/CheckSymbolExists.c.o
/usr/bin/cc    -o CMakeFiles/cmTC_e39ce.dir/CheckSymbolExists.c.o   -c /home/ponste-5/Documents/GIT/ponste-5/S0007E/cmake-build-debug/CMakeFiles/CMakeTmp/CheckSymbolExists.c
Linking C executable cmTC_e39ce
/home/ponste-5/Documents/clion-2017.2.1/bin/cmake/bin/cmake -E cmake_link_script CMakeFiles/cmTC_e39ce.dir/link.txt --verbose=1
/usr/bin/cc      -rdynamic CMakeFiles/cmTC_e39ce.dir/CheckSymbolExists.c.o  -o cmTC_e39ce 
CMakeFiles/cmTC_e39ce.dir/CheckSymbolExists.c.o: In function `main':
CheckSymbolExists.c:(.text+0x16): undefined reference to `pthread_create'
collect2: error: ld returned 1 exit status
make[1]: *** [cmTC_e39ce] Error 1
make[1]: Leaving directory `/home/ponste-5/Documents/GIT/ponste-5/S0007E/cmake-build-debug/CMakeFiles/CMakeTmp'
make: *** [cmTC_e39ce/fast] Error 2

File /home/ponste-5/Documents/GIT/ponste-5/S0007E/cmake-build-debug/CMakeFiles/CMakeTmp/CheckSymbolExists.c:
/* */
#include <pthread.h>

int main(int argc, char** argv)
{
  (void)argv;
#ifndef pthread_create
  return ((int*)(&pthread_create))[argc];
#else
  (void)argc;
  return 0;
#endif
}

Determining if the function pthread_create exists in the pthreads failed with the following output:
Change Dir: /home/ponste-5/Documents/GIT/ponste-5/S0007E/cmake-build-debug/CMakeFiles/CMakeTmp

Run Build Command:"/usr/bin/make" "cmTC_d40dc/fast"
/usr/bin/make -f CMakeFiles/cmTC_d40dc.dir/build.make CMakeFiles/cmTC_d40dc.dir/build
make[1]: Entering directory `/home/ponste-5/Documents/GIT/ponste-5/S0007E/cmake-build-debug/CMakeFiles/CMakeTmp'
Building C object CMakeFiles/cmTC_d40dc.dir/CheckFunctionExists.c.o
/usr/bin/cc   -DCHECK_FUNCTION_EXISTS=pthread_create   -o CMakeFiles/cmTC_d40dc.dir/CheckFunctionExists.c.o   -c /home/ponste-5/Documents/clion-2017.2.1/bin/cmake/share/cmake-3.9/Modules/CheckFunctionExists.c
Linking C executable cmTC_d40dc
/home/ponste-5/Documents/clion-2017.2.1/bin/cmake/bin/cmake -E cmake_link_script CMakeFiles/cmTC_d40dc.dir/link.txt --verbose=1
/usr/bin/cc  -DCHECK_FUNCTION_EXISTS=pthread_create    -rdynamic CMakeFiles/cmTC_d40dc.dir/CheckFunctionExists.c.o  -o cmTC_d40dc -lpthreads 
/usr/bin/ld: cannot find -lpthreads
collect2: error: ld returned 1 exit status
make[1]: *** [cmTC_d40dc] Error 1
make[1]: Leaving directory `/home/ponste-5/Documents/GIT/ponste-5/S0007E/cmake-build-debug/CMakeFiles/CMakeTmp'
make: *** [cmTC_d40dc/fast] Error 2


Determining if the function glXGetProcAddressEXT exists failed with the following output:
Change Dir: /home/ponste-5/Documents/GIT/ponste-5/S0007E/cmake-build-debug/CMakeFiles/CMakeTmp

Run Build Command:"/usr/bin/make" "cmTC_fdf2f/fast"
/usr/bin/make -f CMakeFiles/cmTC_fdf2f.dir/build.make CMakeFiles/cmTC_fdf2f.dir/build
make[1]: Entering directory `/home/ponste-5/Documents/GIT/ponste-5/S0007E/cmake-build-debug/CMakeFiles/CMakeTmp'
Building C object CMakeFiles/cmTC_fdf2f.dir/CheckFunctionExists.c.o
/usr/bin/cc   -DCHECK_FUNCTION_EXISTS=glXGetProcAddressEXT   -o CMakeFiles/cmTC_fdf2f.dir/CheckFunctionExists.c.o   -c /home/ponste-5/Documents/clion-2017.2.1/bin/cmake/share/cmake-3.9/Modules/CheckFunctionExists.c
Linking C executable cmTC_fdf2f
/home/ponste-5/Documents/clion-2017.2.1/bin/cmake/bin/cmake -E cmake_link_script CMakeFiles/cmTC_fdf2f.dir/link.txt --verbose=1
/usr/bin/cc  -DCHECK_FUNCTION_EXISTS=glXGetProcAddressEXT    -rdynamic CMakeFiles/cmTC_fdf2f.dir/CheckFunctionExists.c.o  -o cmTC_fdf2f /usr/lib/x86_64-linux-gnu/libGL.so 
CMakeFiles/cmTC_fdf2f.dir/CheckFunctionExists.c.o: In function `main':
CheckFunctionExists.c:(.text+0x10): undefined reference to `glXGetProcAddressEXT'
collect2: error: ld returned 1 exit status
make[1]: *** [cmTC_fdf2f] Error 1
make[1]: Leaving directory `/home/ponste-5/Documents/GIT/ponste-5/S0007E/cmake-build-debug/CMakeFiles/CMakeTmp'
make: *** [cmTC_fdf2f/fast] Error 2


