Determining if the pthread_create exist failed with the following output:
Change Dir: /home/ponste-5/Documents/GIT/ponste-5/S0008E/Laboration_2/lab-env-master/cmake-build-debug/CMakeFiles/CMakeTmp

Run Build Command:"/usr/bin/make" "cmTC_92b7a/fast"
/usr/bin/make -f CMakeFiles/cmTC_92b7a.dir/build.make CMakeFiles/cmTC_92b7a.dir/build
make[1]: Entering directory `/home/ponste-5/Documents/GIT/ponste-5/S0008E/Laboration_2/lab-env-master/cmake-build-debug/CMakeFiles/CMakeTmp'
Building C object CMakeFiles/cmTC_92b7a.dir/CheckSymbolExists.c.o
/usr/bin/cc    -o CMakeFiles/cmTC_92b7a.dir/CheckSymbolExists.c.o   -c /home/ponste-5/Documents/GIT/ponste-5/S0008E/Laboration_2/lab-env-master/cmake-build-debug/CMakeFiles/CMakeTmp/CheckSymbolExists.c
Linking C executable cmTC_92b7a
/home/ponste-5/Documents/clion-2017.2.1/bin/cmake/bin/cmake -E cmake_link_script CMakeFiles/cmTC_92b7a.dir/link.txt --verbose=1
/usr/bin/cc      -rdynamic CMakeFiles/cmTC_92b7a.dir/CheckSymbolExists.c.o  -o cmTC_92b7a 
CMakeFiles/cmTC_92b7a.dir/CheckSymbolExists.c.o: In function `main':
CheckSymbolExists.c:(.text+0x16): undefined reference to `pthread_create'
collect2: error: ld returned 1 exit status
make[1]: *** [cmTC_92b7a] Error 1
make[1]: Leaving directory `/home/ponste-5/Documents/GIT/ponste-5/S0008E/Laboration_2/lab-env-master/cmake-build-debug/CMakeFiles/CMakeTmp'
make: *** [cmTC_92b7a/fast] Error 2

File /home/ponste-5/Documents/GIT/ponste-5/S0008E/Laboration_2/lab-env-master/cmake-build-debug/CMakeFiles/CMakeTmp/CheckSymbolExists.c:
/* */
#include <pthread.h>

int main(int argc, char** argv)
{
  (void)argv;
#ifndef pthread_create
  return ((int*)(&pthread_create))[argc];
#else
  (void)argc;
  return 0;
#endif
}

Determining if the function pthread_create exists in the pthreads failed with the following output:
Change Dir: /home/ponste-5/Documents/GIT/ponste-5/S0008E/Laboration_2/lab-env-master/cmake-build-debug/CMakeFiles/CMakeTmp

Run Build Command:"/usr/bin/make" "cmTC_aeb92/fast"
/usr/bin/make -f CMakeFiles/cmTC_aeb92.dir/build.make CMakeFiles/cmTC_aeb92.dir/build
make[1]: Entering directory `/home/ponste-5/Documents/GIT/ponste-5/S0008E/Laboration_2/lab-env-master/cmake-build-debug/CMakeFiles/CMakeTmp'
Building C object CMakeFiles/cmTC_aeb92.dir/CheckFunctionExists.c.o
/usr/bin/cc   -DCHECK_FUNCTION_EXISTS=pthread_create   -o CMakeFiles/cmTC_aeb92.dir/CheckFunctionExists.c.o   -c /home/ponste-5/Documents/clion-2017.2.1/bin/cmake/share/cmake-3.8/Modules/CheckFunctionExists.c
Linking C executable cmTC_aeb92
/home/ponste-5/Documents/clion-2017.2.1/bin/cmake/bin/cmake -E cmake_link_script CMakeFiles/cmTC_aeb92.dir/link.txt --verbose=1
/usr/bin/cc  -DCHECK_FUNCTION_EXISTS=pthread_create    -rdynamic CMakeFiles/cmTC_aeb92.dir/CheckFunctionExists.c.o  -o cmTC_aeb92 -lpthreads 
/usr/bin/ld: cannot find -lpthreads
collect2: error: ld returned 1 exit status
make[1]: *** [cmTC_aeb92] Error 1
make[1]: Leaving directory `/home/ponste-5/Documents/GIT/ponste-5/S0008E/Laboration_2/lab-env-master/cmake-build-debug/CMakeFiles/CMakeTmp'
make: *** [cmTC_aeb92/fast] Error 2


Determining if the function glXGetProcAddressEXT exists failed with the following output:
Change Dir: /home/ponste-5/Documents/GIT/ponste-5/S0008E/Laboration_2/lab-env-master/cmake-build-debug/CMakeFiles/CMakeTmp

Run Build Command:"/usr/bin/make" "cmTC_fa4b4/fast"
/usr/bin/make -f CMakeFiles/cmTC_fa4b4.dir/build.make CMakeFiles/cmTC_fa4b4.dir/build
make[1]: Entering directory `/home/ponste-5/Documents/GIT/ponste-5/S0008E/Laboration_2/lab-env-master/cmake-build-debug/CMakeFiles/CMakeTmp'
Building C object CMakeFiles/cmTC_fa4b4.dir/CheckFunctionExists.c.o
/usr/bin/cc   -DCHECK_FUNCTION_EXISTS=glXGetProcAddressEXT   -o CMakeFiles/cmTC_fa4b4.dir/CheckFunctionExists.c.o   -c /home/ponste-5/Documents/clion-2017.2.1/bin/cmake/share/cmake-3.8/Modules/CheckFunctionExists.c
Linking C executable cmTC_fa4b4
/home/ponste-5/Documents/clion-2017.2.1/bin/cmake/bin/cmake -E cmake_link_script CMakeFiles/cmTC_fa4b4.dir/link.txt --verbose=1
/usr/bin/cc  -DCHECK_FUNCTION_EXISTS=glXGetProcAddressEXT    -rdynamic CMakeFiles/cmTC_fa4b4.dir/CheckFunctionExists.c.o  -o cmTC_fa4b4 /usr/lib/x86_64-linux-gnu/libGL.so 
CMakeFiles/cmTC_fa4b4.dir/CheckFunctionExists.c.o: In function `main':
CheckFunctionExists.c:(.text+0x10): undefined reference to `glXGetProcAddressEXT'
collect2: error: ld returned 1 exit status
make[1]: *** [cmTC_fa4b4] Error 1
make[1]: Leaving directory `/home/ponste-5/Documents/GIT/ponste-5/S0008E/Laboration_2/lab-env-master/cmake-build-debug/CMakeFiles/CMakeTmp'
make: *** [cmTC_fa4b4/fast] Error 2


